<?xml version="1.0" encoding="UTF-8"?>
<!-- Generated by org.testng.reporters.JUnitXMLReporter -->
<testsuite ignored="10" hostname="LTIN182137" failures="0" tests="6" name="Test" time="463.661" errors="0" timestamp="2024-03-14T09:24:28 IST">
  <testcase classname="testCases.TC_01_UserInfoCapture" name="validatingInfo" time="25.404"/>
  <testcase classname="testCases.TC_02_NewsTitleValidation" name="validatingTitle" time="6.296"/>
  <testcase classname="testCases.TC_03_NewsPrinting" name="newsPrint" time="66.622"/>
  <testcase classname="testCases.TC_04_AssociateNameValidation" name="validatingAssociateName" time="174.802"/>
  <testcase classname="testCases.TC_05_ShareValidation" name="validatingShare" time="76.268"/>
  <testcase classname="testCases.TC_06_LikesAndViews" name="gettingLikesAndViews" time="79.438"/>
  <testcase classname="testBases.BaseClass" name="@AfterTest tearDown" time="0.0">
    <ignored/>
  </testcase> <!-- @AfterTest tearDown -->
  <testcase classname="testBases.BaseClass" name="@BeforeTest setup" time="0.0">
    <ignored/>
  </testcase> <!-- @BeforeTest setup -->
  <testcase classname="testBases.BaseClass" name="@BeforeTest setup" time="0.0">
    <ignored/>
  </testcase> <!-- @BeforeTest setup -->
  <testcase classname="testBases.BaseClass" name="@AfterTest tearDown" time="0.0">
    <ignored/>
  </testcase> <!-- @AfterTest tearDown -->
  <testcase classname="testBases.BaseClass" name="@BeforeTest setup" time="0.0">
    <ignored/>
  </testcase> <!-- @BeforeTest setup -->
  <testcase classname="testBases.BaseClass" name="@AfterTest tearDown" time="0.0">
    <ignored/>
  </testcase> <!-- @AfterTest tearDown -->
  <testcase classname="testBases.BaseClass" name="@BeforeTest setup" time="0.0">
    <ignored/>
  </testcase> <!-- @BeforeTest setup -->
  <testcase classname="testBases.BaseClass" name="@BeforeTest setup" time="0.0">
    <ignored/>
  </testcase> <!-- @BeforeTest setup -->
  <testcase classname="testBases.BaseClass" name="@AfterTest tearDown" time="0.0">
    <ignored/>
  </testcase> <!-- @AfterTest tearDown -->
  <testcase classname="testBases.BaseClass" name="@AfterTest tearDown" time="0.0">
    <ignored/>
  </testcase> <!-- @AfterTest tearDown -->
</testsuite> <!-- Test -->
