<?xml version="1.0" encoding="UTF-8"?>
<testng-results ignored="0" total="6" passed="6" failed="0" skipped="0">
  <reporter-output>
  </reporter-output>
  <suite started-at="2024-03-14T09:16:43 IST" name="Suite" finished-at="2024-03-14T09:24:27 IST" duration-ms="463661">
    <groups>
    </groups>
    <test started-at="2024-03-14T09:16:43 IST" name="Test" finished-at="2024-03-14T09:24:27 IST" duration-ms="463661">
      <class name="testCases.TC_06_LikesAndViews">
        <test-method signature="gettingLikesAndViews()[pri:0, instance:testCases.TC_06_LikesAndViews@77c2494c]" started-at="2024-03-14T09:23:06 IST" name="gettingLikesAndViews" finished-at="2024-03-14T09:24:26 IST" duration-ms="79438" status="PASS">
          <reporter-output>
          </reporter-output>
        </test-method> <!-- gettingLikesAndViews -->
      </class> <!-- testCases.TC_06_LikesAndViews -->
      <class name="testCases.TC_05_ShareValidation">
        <test-method signature="validatingShare()[pri:0, instance:testCases.TC_05_ShareValidation@477b4cdf]" started-at="2024-03-14T09:21:50 IST" name="validatingShare" finished-at="2024-03-14T09:23:06 IST" duration-ms="76268" status="PASS">
          <reporter-output>
          </reporter-output>
        </test-method> <!-- validatingShare -->
      </class> <!-- testCases.TC_05_ShareValidation -->
      <class name="testCases.TC_01_UserInfoCapture">
        <test-method is-config="true" signature="setup()[pri:0, instance:testCases.TC_01_UserInfoCapture@5aa9e4eb]" started-at="2024-03-14T09:16:44 IST" name="setup" finished-at="2024-03-14T09:17:17 IST" duration-ms="33132" status="PASS">
          <reporter-output>
          </reporter-output>
        </test-method> <!-- setup -->
        <test-method signature="validatingInfo()[pri:0, instance:testCases.TC_01_UserInfoCapture@5aa9e4eb]" started-at="2024-03-14T09:17:17 IST" name="validatingInfo" finished-at="2024-03-14T09:17:42 IST" duration-ms="25404" status="PASS">
          <reporter-output>
          </reporter-output>
        </test-method> <!-- validatingInfo -->
        <test-method is-config="true" signature="tearDown()[pri:0, instance:testCases.TC_01_UserInfoCapture@5aa9e4eb]" started-at="2024-03-14T09:24:26 IST" name="tearDown" finished-at="2024-03-14T09:24:27 IST" duration-ms="1169" status="PASS">
          <reporter-output>
          </reporter-output>
        </test-method> <!-- tearDown -->
      </class> <!-- testCases.TC_01_UserInfoCapture -->
      <class name="testCases.TC_02_NewsTitleValidation">
        <test-method signature="validatingTitle()[pri:0, instance:testCases.TC_02_NewsTitleValidation@662ac478]" started-at="2024-03-14T09:17:42 IST" name="validatingTitle" finished-at="2024-03-14T09:17:49 IST" duration-ms="6296" status="PASS">
          <reporter-output>
          </reporter-output>
        </test-method> <!-- validatingTitle -->
      </class> <!-- testCases.TC_02_NewsTitleValidation -->
      <class name="testCases.TC_04_AssociateNameValidation">
        <test-method signature="validatingAssociateName()[pri:0, instance:testCases.TC_04_AssociateNameValidation@3eb25e1a]" started-at="2024-03-14T09:18:55 IST" name="validatingAssociateName" finished-at="2024-03-14T09:21:50 IST" duration-ms="174802" status="PASS">
          <reporter-output>
          </reporter-output>
        </test-method> <!-- validatingAssociateName -->
      </class> <!-- testCases.TC_04_AssociateNameValidation -->
      <class name="testCases.TC_03_NewsPrinting">
        <test-method signature="newsPrint()[pri:0, instance:testCases.TC_03_NewsPrinting@6743e411]" started-at="2024-03-14T09:17:49 IST" name="newsPrint" finished-at="2024-03-14T09:18:55 IST" duration-ms="66622" status="PASS">
          <reporter-output>
          </reporter-output>
        </test-method> <!-- newsPrint -->
      </class> <!-- testCases.TC_03_NewsPrinting -->
    </test> <!-- Test -->
  </suite> <!-- Suite -->
</testng-results>
